<?xml version="1.0" encoding="UTF-8"?>
<testsuite xmlns:xsi="http://www.w3.org/2001/XMLSchema-instance" xsi:noNamespaceSchemaLocation="https://maven.apache.org/surefire/maven-surefire-plugin/xsd/surefire-test-report.xsd" name="com.dorisdb.DorisGenericSinkITTest" time="3.758" tests="2" errors="0" skipped="0" failures="0">
  <properties>
    <property name="awt.toolkit" value="sun.awt.X11.XToolkit"/>
    <property name="file.encoding.pkg" value="sun.io"/>
    <property name="java.specification.version" value="1.8"/>
    <property name="sun.cpu.isalist" value=""/>
    <property name="sun.jnu.encoding" value="UTF-8"/>
    <property name="java.class.path" value="/home/disk1/hf/.m2/repository/org/apache/maven/surefire/surefire-booter/2.22.2/surefire-booter-2.22.2.jar:/home/disk1/hf/.m2/repository/org/apache/maven/surefire/surefire-api/2.22.2/surefire-api-2.22.2.jar:/home/disk1/hf/.m2/repository/org/apache/maven/surefire/surefire-logger-api/2.22.2/surefire-logger-api-2.22.2.jar:/home/disk1/hf/dev/flink-connector/flink-connector-dorisdb/target/test-classes:/home/disk1/hf/dev/flink-connector/flink-connector-dorisdb/target/classes:/home/disk1/hf/.m2/repository/org/apache/flink/flink-table-common/1.12.0/flink-table-common-1.12.0.jar:/home/disk1/hf/.m2/repository/org/apache/flink/flink-core/1.12.0/flink-core-1.12.0.jar:/home/disk1/hf/.m2/repository/org/apache/flink/flink-annotations/1.12.0/flink-annotations-1.12.0.jar:/home/disk1/hf/.m2/repository/org/apache/flink/flink-metrics-core/1.12.0/flink-metrics-core-1.12.0.jar:/home/disk1/hf/.m2/repository/org/apache/commons/commons-lang3/3.3.2/commons-lang3-3.3.2.jar:/home/disk1/hf/.m2/repository/com/esotericsoftware/kryo/kryo/2.24.0/kryo-2.24.0.jar:/home/disk1/hf/.m2/repository/com/esotericsoftware/minlog/minlog/1.2/minlog-1.2.jar:/home/disk1/hf/.m2/repository/org/objenesis/objenesis/2.1/objenesis-2.1.jar:/home/disk1/hf/.m2/repository/commons-collections/commons-collections/3.2.2/commons-collections-3.2.2.jar:/home/disk1/hf/.m2/repository/org/apache/commons/commons-compress/1.20/commons-compress-1.20.jar:/home/disk1/hf/.m2/repository/org/apache/flink/flink-shaded-guava/18.0-12.0/flink-shaded-guava-18.0-12.0.jar:/home/disk1/hf/.m2/repository/org/apache/flink/flink-connector-files/1.12.0/flink-connector-files-1.12.0.jar:/home/disk1/hf/.m2/repository/org/apache/flink/flink-file-sink-common/1.12.0/flink-file-sink-common-1.12.0.jar:/home/disk1/hf/.m2/repository/org/apache/flink/flink-connector-base/1.12.0/flink-connector-base-1.12.0.jar:/home/disk1/hf/.m2/repository/org/apache/flink/flink-shaded-asm-7/7.1-12.0/flink-shaded-asm-7-7.1-12.0.jar:/home/disk1/hf/.m2/repository/org/slf4j/slf4j-api/1.7.15/slf4j-api-1.7.15.jar:/home/disk1/hf/.m2/repository/com/google/code/findbugs/jsr305/1.3.9/jsr305-1.3.9.jar:/home/disk1/hf/.m2/repository/org/apache/flink/force-shading/1.12.0/force-shading-1.12.0.jar:/home/disk1/hf/.m2/repository/org/apache/flink/flink-table-api-java-bridge_2.11/1.12.0/flink-table-api-java-bridge_2.11-1.12.0.jar:/home/disk1/hf/.m2/repository/org/apache/flink/flink-table-api-java/1.12.0/flink-table-api-java-1.12.0.jar:/home/disk1/hf/.m2/repository/org/apache/flink/flink-java/1.12.0/flink-java-1.12.0.jar:/home/disk1/hf/.m2/repository/org/apache/commons/commons-math3/3.5/commons-math3-3.5.jar:/home/disk1/hf/.m2/repository/org/apache/flink/flink-streaming-java_2.11/1.12.0/flink-streaming-java_2.11-1.12.0.jar:/home/disk1/hf/.m2/repository/org/apache/flink/flink-table-api-scala-bridge_2.11/1.12.0/flink-table-api-scala-bridge_2.11-1.12.0.jar:/home/disk1/hf/.m2/repository/org/apache/flink/flink-table-api-scala_2.11/1.12.0/flink-table-api-scala_2.11-1.12.0.jar:/home/disk1/hf/.m2/repository/org/scala-lang/scala-reflect/2.11.12/scala-reflect-2.11.12.jar:/home/disk1/hf/.m2/repository/org/scala-lang/scala-library/2.11.12/scala-library-2.11.12.jar:/home/disk1/hf/.m2/repository/org/scala-lang/scala-compiler/2.11.12/scala-compiler-2.11.12.jar:/home/disk1/hf/.m2/repository/org/scala-lang/modules/scala-xml_2.11/1.0.5/scala-xml_2.11-1.0.5.jar:/home/disk1/hf/.m2/repository/org/scala-lang/modules/scala-parser-combinators_2.11/1.0.4/scala-parser-combinators_2.11-1.0.4.jar:/home/disk1/hf/.m2/repository/org/apache/flink/flink-scala_2.11/1.12.0/flink-scala_2.11-1.12.0.jar:/home/disk1/hf/.m2/repository/org/apache/flink/flink-streaming-scala_2.11/1.12.0/flink-streaming-scala_2.11-1.12.0.jar:/home/disk1/hf/.m2/repository/org/apache/flink/flink-table-planner_2.11/1.12.0/flink-table-planner_2.11-1.12.0.jar:/home/disk1/hf/.m2/repository/org/apache/flink/flink-table-planner-blink_2.11/1.12.0/flink-table-planner-blink_2.11-1.12.0.jar:/home/disk1/hf/.m2/repository/org/apache/flink/flink-table-runtime-blink_2.11/1.12.0/flink-table-runtime-blink_2.11-1.12.0.jar:/home/disk1/hf/.m2/repository/org/codehaus/janino/janino/3.0.11/janino-3.0.11.jar:/home/disk1/hf/.m2/repository/org/codehaus/janino/commons-compiler/3.0.11/commons-compiler-3.0.11.jar:/home/disk1/hf/.m2/repository/org/apache/calcite/avatica/avatica-core/1.17.0/avatica-core-1.17.0.jar:/home/disk1/hf/.m2/repository/org/reflections/reflections/0.9.10/reflections-0.9.10.jar:/home/disk1/hf/.m2/repository/org/javassist/javassist/3.19.0-GA/javassist-3.19.0-GA.jar:/home/disk1/hf/.m2/repository/org/apache/flink/flink-clients_2.11/1.12.0/flink-clients_2.11-1.12.0.jar:/home/disk1/hf/.m2/repository/org/apache/flink/flink-runtime_2.11/1.12.0/flink-runtime_2.11-1.12.0.jar:/home/disk1/hf/.m2/repository/org/apache/flink/flink-queryable-state-client-java/1.12.0/flink-queryable-state-client-java-1.12.0.jar:/home/disk1/hf/.m2/repository/org/apache/flink/flink-hadoop-fs/1.12.0/flink-hadoop-fs-1.12.0.jar:/home/disk1/hf/.m2/repository/commons-io/commons-io/2.7/commons-io-2.7.jar:/home/disk1/hf/.m2/repository/org/apache/flink/flink-shaded-netty/4.1.49.Final-12.0/flink-shaded-netty-4.1.49.Final-12.0.jar:/home/disk1/hf/.m2/repository/org/apache/flink/flink-shaded-jackson/2.10.1-12.0/flink-shaded-jackson-2.10.1-12.0.jar:/home/disk1/hf/.m2/repository/org/apache/flink/flink-shaded-zookeeper-3/3.4.14-12.0/flink-shaded-zookeeper-3-3.4.14-12.0.jar:/home/disk1/hf/.m2/repository/com/typesafe/akka/akka-actor_2.11/2.5.21/akka-actor_2.11-2.5.21.jar:/home/disk1/hf/.m2/repository/com/typesafe/config/1.3.3/config-1.3.3.jar:/home/disk1/hf/.m2/repository/org/scala-lang/modules/scala-java8-compat_2.11/0.7.0/scala-java8-compat_2.11-0.7.0.jar:/home/disk1/hf/.m2/repository/com/typesafe/akka/akka-stream_2.11/2.5.21/akka-stream_2.11-2.5.21.jar:/home/disk1/hf/.m2/repository/org/reactivestreams/reactive-streams/1.0.2/reactive-streams-1.0.2.jar:/home/disk1/hf/.m2/repository/com/typesafe/ssl-config-core_2.11/0.3.7/ssl-config-core_2.11-0.3.7.jar:/home/disk1/hf/.m2/repository/com/typesafe/akka/akka-protobuf_2.11/2.5.21/akka-protobuf_2.11-2.5.21.jar:/home/disk1/hf/.m2/repository/com/typesafe/akka/akka-slf4j_2.11/2.5.21/akka-slf4j_2.11-2.5.21.jar:/home/disk1/hf/.m2/repository/org/clapper/grizzled-slf4j_2.11/1.3.2/grizzled-slf4j_2.11-1.3.2.jar:/home/disk1/hf/.m2/repository/com/github/scopt/scopt_2.11/3.5.0/scopt_2.11-3.5.0.jar:/home/disk1/hf/.m2/repository/org/xerial/snappy/snappy-java/1.1.4/snappy-java-1.1.4.jar:/home/disk1/hf/.m2/repository/com/twitter/chill_2.11/0.7.6/chill_2.11-0.7.6.jar:/home/disk1/hf/.m2/repository/com/twitter/chill-java/0.7.6/chill-java-0.7.6.jar:/home/disk1/hf/.m2/repository/org/lz4/lz4-java/1.6.0/lz4-java-1.6.0.jar:/home/disk1/hf/.m2/repository/org/apache/flink/flink-optimizer_2.11/1.12.0/flink-optimizer_2.11-1.12.0.jar:/home/disk1/hf/.m2/repository/commons-cli/commons-cli/1.3.1/commons-cli-1.3.1.jar:/home/disk1/hf/.m2/repository/org/apache/httpcomponents/httpclient/4.5.13/httpclient-4.5.13.jar:/home/disk1/hf/.m2/repository/org/apache/httpcomponents/httpcore/4.4.13/httpcore-4.4.13.jar:/home/disk1/hf/.m2/repository/commons-logging/commons-logging/1.2/commons-logging-1.2.jar:/home/disk1/hf/.m2/repository/commons-codec/commons-codec/1.11/commons-codec-1.11.jar:/home/disk1/hf/.m2/repository/com/alibaba/fastjson/1.2.75/fastjson-1.2.75.jar:/home/disk1/hf/.m2/repository/mysql/mysql-connector-java/5.1.49/mysql-connector-java-5.1.49.jar:/home/disk1/hf/.m2/repository/org/jmockit/jmockit/1.48/jmockit-1.48.jar:/home/disk1/hf/.m2/repository/junit/junit/4.12/junit-4.12.jar:/home/disk1/hf/.m2/repository/org/hamcrest/hamcrest-core/1.3/hamcrest-core-1.3.jar:/home/disk1/hf/.m2/repository/org/apache/flink/flink-test-utils_2.11/1.12.0/flink-test-utils_2.11-1.12.0.jar:/home/disk1/hf/.m2/repository/org/apache/flink/flink-test-utils-junit/1.12.0/flink-test-utils-junit-1.12.0.jar:/home/disk1/hf/.m2/repository/org/apache/logging/log4j/log4j-slf4j-impl/2.12.1/log4j-slf4j-impl-2.12.1.jar:/home/disk1/hf/.m2/repository/org/apache/logging/log4j/log4j-api/2.12.1/log4j-api-2.12.1.jar:/home/disk1/hf/.m2/repository/org/apache/logging/log4j/log4j-core/2.12.1/log4j-core-2.12.1.jar:/home/disk1/hf/.m2/repository/org/apache/maven/surefire/surefire-junit4/2.22.2/surefire-junit4-2.22.2.jar:/home/disk1/hf/.m2/repository/org/jmockit/jmockit/1.48/jmockit-1.48.jar"/>
    <property name="java.vm.vendor" value="Oracle Corporation"/>
    <property name="sun.arch.data.model" value="64"/>
    <property name="java.vendor.url" value="http://java.oracle.com/"/>
    <property name="user.timezone" value=""/>
    <property name="java.vm.specification.version" value="1.8"/>
    <property name="os.name" value="Linux"/>
    <property name="user.country" value="US"/>
    <property name="sun.java.launcher" value="SUN_STANDARD"/>
    <property name="sun.boot.library.path" value="/usr/lib/jvm/java-1.8.0-openjdk-1.8.0.252.b09-2.el7_8.x86_64/jre/lib/amd64"/>
    <property name="sun.java.command" value="org.apache.maven.surefire.booter.ForkedBooter /home/disk1/hf/dev/flink-connector/flink-connector-dorisdb/target/surefire 2021-02-06T19-33-15_588-jvmRun1 surefire3184165041698203859tmp surefire_52094936086859364262tmp"/>
    <property name="surefire.test.class.path" value="/home/disk1/hf/dev/flink-connector/flink-connector-dorisdb/target/test-classes:/home/disk1/hf/dev/flink-connector/flink-connector-dorisdb/target/classes:/home/disk1/hf/.m2/repository/org/apache/flink/flink-table-common/1.12.0/flink-table-common-1.12.0.jar:/home/disk1/hf/.m2/repository/org/apache/flink/flink-core/1.12.0/flink-core-1.12.0.jar:/home/disk1/hf/.m2/repository/org/apache/flink/flink-annotations/1.12.0/flink-annotations-1.12.0.jar:/home/disk1/hf/.m2/repository/org/apache/flink/flink-metrics-core/1.12.0/flink-metrics-core-1.12.0.jar:/home/disk1/hf/.m2/repository/org/apache/commons/commons-lang3/3.3.2/commons-lang3-3.3.2.jar:/home/disk1/hf/.m2/repository/com/esotericsoftware/kryo/kryo/2.24.0/kryo-2.24.0.jar:/home/disk1/hf/.m2/repository/com/esotericsoftware/minlog/minlog/1.2/minlog-1.2.jar:/home/disk1/hf/.m2/repository/org/objenesis/objenesis/2.1/objenesis-2.1.jar:/home/disk1/hf/.m2/repository/commons-collections/commons-collections/3.2.2/commons-collections-3.2.2.jar:/home/disk1/hf/.m2/repository/org/apache/commons/commons-compress/1.20/commons-compress-1.20.jar:/home/disk1/hf/.m2/repository/org/apache/flink/flink-shaded-guava/18.0-12.0/flink-shaded-guava-18.0-12.0.jar:/home/disk1/hf/.m2/repository/org/apache/flink/flink-connector-files/1.12.0/flink-connector-files-1.12.0.jar:/home/disk1/hf/.m2/repository/org/apache/flink/flink-file-sink-common/1.12.0/flink-file-sink-common-1.12.0.jar:/home/disk1/hf/.m2/repository/org/apache/flink/flink-connector-base/1.12.0/flink-connector-base-1.12.0.jar:/home/disk1/hf/.m2/repository/org/apache/flink/flink-shaded-asm-7/7.1-12.0/flink-shaded-asm-7-7.1-12.0.jar:/home/disk1/hf/.m2/repository/org/slf4j/slf4j-api/1.7.15/slf4j-api-1.7.15.jar:/home/disk1/hf/.m2/repository/com/google/code/findbugs/jsr305/1.3.9/jsr305-1.3.9.jar:/home/disk1/hf/.m2/repository/org/apache/flink/force-shading/1.12.0/force-shading-1.12.0.jar:/home/disk1/hf/.m2/repository/org/apache/flink/flink-table-api-java-bridge_2.11/1.12.0/flink-table-api-java-bridge_2.11-1.12.0.jar:/home/disk1/hf/.m2/repository/org/apache/flink/flink-table-api-java/1.12.0/flink-table-api-java-1.12.0.jar:/home/disk1/hf/.m2/repository/org/apache/flink/flink-java/1.12.0/flink-java-1.12.0.jar:/home/disk1/hf/.m2/repository/org/apache/commons/commons-math3/3.5/commons-math3-3.5.jar:/home/disk1/hf/.m2/repository/org/apache/flink/flink-streaming-java_2.11/1.12.0/flink-streaming-java_2.11-1.12.0.jar:/home/disk1/hf/.m2/repository/org/apache/flink/flink-table-api-scala-bridge_2.11/1.12.0/flink-table-api-scala-bridge_2.11-1.12.0.jar:/home/disk1/hf/.m2/repository/org/apache/flink/flink-table-api-scala_2.11/1.12.0/flink-table-api-scala_2.11-1.12.0.jar:/home/disk1/hf/.m2/repository/org/scala-lang/scala-reflect/2.11.12/scala-reflect-2.11.12.jar:/home/disk1/hf/.m2/repository/org/scala-lang/scala-library/2.11.12/scala-library-2.11.12.jar:/home/disk1/hf/.m2/repository/org/scala-lang/scala-compiler/2.11.12/scala-compiler-2.11.12.jar:/home/disk1/hf/.m2/repository/org/scala-lang/modules/scala-xml_2.11/1.0.5/scala-xml_2.11-1.0.5.jar:/home/disk1/hf/.m2/repository/org/scala-lang/modules/scala-parser-combinators_2.11/1.0.4/scala-parser-combinators_2.11-1.0.4.jar:/home/disk1/hf/.m2/repository/org/apache/flink/flink-scala_2.11/1.12.0/flink-scala_2.11-1.12.0.jar:/home/disk1/hf/.m2/repository/org/apache/flink/flink-streaming-scala_2.11/1.12.0/flink-streaming-scala_2.11-1.12.0.jar:/home/disk1/hf/.m2/repository/org/apache/flink/flink-table-planner_2.11/1.12.0/flink-table-planner_2.11-1.12.0.jar:/home/disk1/hf/.m2/repository/org/apache/flink/flink-table-planner-blink_2.11/1.12.0/flink-table-planner-blink_2.11-1.12.0.jar:/home/disk1/hf/.m2/repository/org/apache/flink/flink-table-runtime-blink_2.11/1.12.0/flink-table-runtime-blink_2.11-1.12.0.jar:/home/disk1/hf/.m2/repository/org/codehaus/janino/janino/3.0.11/janino-3.0.11.jar:/home/disk1/hf/.m2/repository/org/codehaus/janino/commons-compiler/3.0.11/commons-compiler-3.0.11.jar:/home/disk1/hf/.m2/repository/org/apache/calcite/avatica/avatica-core/1.17.0/avatica-core-1.17.0.jar:/home/disk1/hf/.m2/repository/org/reflections/reflections/0.9.10/reflections-0.9.10.jar:/home/disk1/hf/.m2/repository/org/javassist/javassist/3.19.0-GA/javassist-3.19.0-GA.jar:/home/disk1/hf/.m2/repository/org/apache/flink/flink-clients_2.11/1.12.0/flink-clients_2.11-1.12.0.jar:/home/disk1/hf/.m2/repository/org/apache/flink/flink-runtime_2.11/1.12.0/flink-runtime_2.11-1.12.0.jar:/home/disk1/hf/.m2/repository/org/apache/flink/flink-queryable-state-client-java/1.12.0/flink-queryable-state-client-java-1.12.0.jar:/home/disk1/hf/.m2/repository/org/apache/flink/flink-hadoop-fs/1.12.0/flink-hadoop-fs-1.12.0.jar:/home/disk1/hf/.m2/repository/commons-io/commons-io/2.7/commons-io-2.7.jar:/home/disk1/hf/.m2/repository/org/apache/flink/flink-shaded-netty/4.1.49.Final-12.0/flink-shaded-netty-4.1.49.Final-12.0.jar:/home/disk1/hf/.m2/repository/org/apache/flink/flink-shaded-jackson/2.10.1-12.0/flink-shaded-jackson-2.10.1-12.0.jar:/home/disk1/hf/.m2/repository/org/apache/flink/flink-shaded-zookeeper-3/3.4.14-12.0/flink-shaded-zookeeper-3-3.4.14-12.0.jar:/home/disk1/hf/.m2/repository/com/typesafe/akka/akka-actor_2.11/2.5.21/akka-actor_2.11-2.5.21.jar:/home/disk1/hf/.m2/repository/com/typesafe/config/1.3.3/config-1.3.3.jar:/home/disk1/hf/.m2/repository/org/scala-lang/modules/scala-java8-compat_2.11/0.7.0/scala-java8-compat_2.11-0.7.0.jar:/home/disk1/hf/.m2/repository/com/typesafe/akka/akka-stream_2.11/2.5.21/akka-stream_2.11-2.5.21.jar:/home/disk1/hf/.m2/repository/org/reactivestreams/reactive-streams/1.0.2/reactive-streams-1.0.2.jar:/home/disk1/hf/.m2/repository/com/typesafe/ssl-config-core_2.11/0.3.7/ssl-config-core_2.11-0.3.7.jar:/home/disk1/hf/.m2/repository/com/typesafe/akka/akka-protobuf_2.11/2.5.21/akka-protobuf_2.11-2.5.21.jar:/home/disk1/hf/.m2/repository/com/typesafe/akka/akka-slf4j_2.11/2.5.21/akka-slf4j_2.11-2.5.21.jar:/home/disk1/hf/.m2/repository/org/clapper/grizzled-slf4j_2.11/1.3.2/grizzled-slf4j_2.11-1.3.2.jar:/home/disk1/hf/.m2/repository/com/github/scopt/scopt_2.11/3.5.0/scopt_2.11-3.5.0.jar:/home/disk1/hf/.m2/repository/org/xerial/snappy/snappy-java/1.1.4/snappy-java-1.1.4.jar:/home/disk1/hf/.m2/repository/com/twitter/chill_2.11/0.7.6/chill_2.11-0.7.6.jar:/home/disk1/hf/.m2/repository/com/twitter/chill-java/0.7.6/chill-java-0.7.6.jar:/home/disk1/hf/.m2/repository/org/lz4/lz4-java/1.6.0/lz4-java-1.6.0.jar:/home/disk1/hf/.m2/repository/org/apache/flink/flink-optimizer_2.11/1.12.0/flink-optimizer_2.11-1.12.0.jar:/home/disk1/hf/.m2/repository/commons-cli/commons-cli/1.3.1/commons-cli-1.3.1.jar:/home/disk1/hf/.m2/repository/org/apache/httpcomponents/httpclient/4.5.13/httpclient-4.5.13.jar:/home/disk1/hf/.m2/repository/org/apache/httpcomponents/httpcore/4.4.13/httpcore-4.4.13.jar:/home/disk1/hf/.m2/repository/commons-logging/commons-logging/1.2/commons-logging-1.2.jar:/home/disk1/hf/.m2/repository/commons-codec/commons-codec/1.11/commons-codec-1.11.jar:/home/disk1/hf/.m2/repository/com/alibaba/fastjson/1.2.75/fastjson-1.2.75.jar:/home/disk1/hf/.m2/repository/mysql/mysql-connector-java/5.1.49/mysql-connector-java-5.1.49.jar:/home/disk1/hf/.m2/repository/org/jmockit/jmockit/1.48/jmockit-1.48.jar:/home/disk1/hf/.m2/repository/junit/junit/4.12/junit-4.12.jar:/home/disk1/hf/.m2/repository/org/hamcrest/hamcrest-core/1.3/hamcrest-core-1.3.jar:/home/disk1/hf/.m2/repository/org/apache/flink/flink-test-utils_2.11/1.12.0/flink-test-utils_2.11-1.12.0.jar:/home/disk1/hf/.m2/repository/org/apache/flink/flink-test-utils-junit/1.12.0/flink-test-utils-junit-1.12.0.jar:/home/disk1/hf/.m2/repository/org/apache/logging/log4j/log4j-slf4j-impl/2.12.1/log4j-slf4j-impl-2.12.1.jar:/home/disk1/hf/.m2/repository/org/apache/logging/log4j/log4j-api/2.12.1/log4j-api-2.12.1.jar:/home/disk1/hf/.m2/repository/org/apache/logging/log4j/log4j-core/2.12.1/log4j-core-2.12.1.jar:"/>
    <property name="sun.cpu.endian" value="little"/>
    <property name="user.home" value="/home/disk1/hf"/>
    <property name="user.language" value="en"/>
    <property name="java.specification.vendor" value="Oracle Corporation"/>
    <property name="java.home" value="/usr/lib/jvm/java-1.8.0-openjdk-1.8.0.252.b09-2.el7_8.x86_64/jre"/>
    <property name="basedir" value="/home/disk1/hf/dev/flink-connector/flink-connector-dorisdb"/>
    <property name="file.separator" value="/"/>
    <property name="line.separator" value="&#10;"/>
    <property name="java.vm.specification.vendor" value="Oracle Corporation"/>
    <property name="java.specification.name" value="Java Platform API Specification"/>
    <property name="java.awt.graphicsenv" value="sun.awt.X11GraphicsEnvironment"/>
    <property name="sun.boot.class.path" value="/usr/lib/jvm/java-1.8.0-openjdk-1.8.0.252.b09-2.el7_8.x86_64/jre/lib/resources.jar:/usr/lib/jvm/java-1.8.0-openjdk-1.8.0.252.b09-2.el7_8.x86_64/jre/lib/rt.jar:/usr/lib/jvm/java-1.8.0-openjdk-1.8.0.252.b09-2.el7_8.x86_64/jre/lib/sunrsasign.jar:/usr/lib/jvm/java-1.8.0-openjdk-1.8.0.252.b09-2.el7_8.x86_64/jre/lib/jsse.jar:/usr/lib/jvm/java-1.8.0-openjdk-1.8.0.252.b09-2.el7_8.x86_64/jre/lib/jce.jar:/usr/lib/jvm/java-1.8.0-openjdk-1.8.0.252.b09-2.el7_8.x86_64/jre/lib/charsets.jar:/usr/lib/jvm/java-1.8.0-openjdk-1.8.0.252.b09-2.el7_8.x86_64/jre/lib/jfr.jar:/usr/lib/jvm/java-1.8.0-openjdk-1.8.0.252.b09-2.el7_8.x86_64/jre/classes"/>
    <property name="sun.management.compiler" value="HotSpot 64-Bit Tiered Compilers"/>
    <property name="java.runtime.version" value="1.8.0_252-b09"/>
    <property name="user.name" value="hf"/>
    <property name="path.separator" value=":"/>
    <property name="os.version" value="3.10.0-1127.13.1.el7.x86_64"/>
    <property name="java.endorsed.dirs" value="/usr/lib/jvm/java-1.8.0-openjdk-1.8.0.252.b09-2.el7_8.x86_64/jre/lib/endorsed"/>
    <property name="java.runtime.name" value="OpenJDK Runtime Environment"/>
    <property name="file.encoding" value="UTF-8"/>
    <property name="java.vm.name" value="OpenJDK 64-Bit Server VM"/>
    <property name="localRepository" value="/home/disk1/hf/.m2/repository"/>
    <property name="java.vendor.url.bug" value="http://bugreport.sun.com/bugreport/"/>
    <property name="java.io.tmpdir" value="/tmp"/>
    <property name="java.version" value="1.8.0_252"/>
    <property name="user.dir" value="/home/disk1/hf/dev/flink-connector/flink-connector-dorisdb"/>
    <property name="os.arch" value="amd64"/>
    <property name="java.vm.specification.name" value="Java Virtual Machine Specification"/>
    <property name="java.awt.printerjob" value="sun.print.PSPrinterJob"/>
    <property name="sun.os.patch.level" value="unknown"/>
    <property name="java.library.path" value="/usr/local/lib::/usr/java/packages/lib/amd64:/usr/lib64:/lib64:/lib:/usr/lib"/>
    <property name="java.vm.info" value="mixed mode"/>
    <property name="java.vendor" value="Oracle Corporation"/>
    <property name="java.vm.version" value="25.252-b09"/>
    <property name="java.ext.dirs" value="/usr/lib/jvm/java-1.8.0-openjdk-1.8.0.252.b09-2.el7_8.x86_64/jre/lib/ext:/usr/java/packages/lib/ext"/>
    <property name="sun.io.unicode.encoding" value="UnicodeLittle"/>
    <property name="java.class.version" value="52.0"/>
  </properties>
  <testcase name="testBatchSink" classname="com.dorisdb.DorisGenericSinkITTest" time="3.699"/>
  <testcase name="testSinkCommonProperties" classname="com.dorisdb.DorisGenericSinkITTest" time="0.009"/>
</testsuite>